2 137 192 
1 263 
3 207 89 257 
3 296 191 165 
3 124 223 143 
3 275 88 70 
3 246 38 189 
4 75 127 12 231 
3 216 13 209 
2 286 53 
5 212 102 158 6 279 
2 164 224 
2 128 201 
3 234 73 94 
5 253 5 97 69 151 
3 222 114 81 
3 168 237 59 
0 
3 68 238 31 
3 24 62 144 
4 210 273 255 264 
7 245 21 283 115 104 251 49 
7 8 95 285 79 248 242 178 
1 276 
3 145 229 208 
4 7 156 226 199 
5 29 287 155 126 52 
6 267 44 82 61 298 16 
5 150 284 112 250 240 
2 113 288 
1 290 
2 60 109 
3 225 26 206 
1 36 
3 66 211 132 
1 10 
0 
5 220 56 28 243 138 
3 294 291 196 
3 277 281 77 
5 85 74 213 96 163 
1 149 
5 180 259 261 200 76 
5 99 219 292 280 71 
2 64 152 
0 
1 181 
4 92 147 269 30 
3 107 91 1 
1 169 
5 33 134 188 197 78 
1 203 
6 65 260 218 25 51 100 
1 2 
3 198 239 295 
3 157 140 84 
2 146 289 
5 87 57 20 262 270 
4 282 22 141 130 
4 0 241 256 233 
2 258 123 
1 153 
3 40 265 9 
3 148 129 173 
4 110 15 244 47 
2 14 46 
3 166 93 45 
2 136 170 
1 133 
2 232 23 
5 179 299 230 297 175 
3 159 268 119 
3 34 162 90 
3 121 271 274 
4 32 177 139 98 
7 167 174 50 3 11 266 142 
2 80 182 
0 
6 41 63 214 118 194 247 
0 
3 58 235 272 
1 221 
4 193 18 202 86 
4 184 185 27 37 
1 187 
2 249 39 
2 125 172 
4 54 205 228 186 
3 122 42 17 
2 83 154 
4 72 105 117 43 
2 108 55 
4 116 103 19 111 
3 161 254 106 
3 4 135 278 
7 160 195 48 190 101 131 176 
3 35 120 183 
3 236 67 215 
3 171 204 217 
3 227 252 293 
